2014-07-03 14:37:39 Error: [MissingViewException] View file "/var/www/html/4senior/app/View/Login/index.ctp" is missing.
Exception Attributes: array (
  'file' => '/var/www/html/4senior/app/View/Login/index.ctp',
)
Request URL: /
Stack Trace:
#0 /var/www/html/4senior/lib/Cake/View/View.php(468): View->_getViewFileName(NULL)
#1 /var/www/html/4senior/lib/Cake/Controller/Controller.php(954): View->render(NULL, NULL)
#2 /var/www/html/4senior/lib/Cake/Routing/Dispatcher.php(198): Controller->render()
#3 /var/www/html/4senior/lib/Cake/Routing/Dispatcher.php(165): Dispatcher->_invoke(Object(LoginController), Object(CakeRequest))
#4 /var/www/html/4senior/app/webroot/index.php(108): Dispatcher->dispatch(Object(CakeRequest), Object(CakeResponse))
#5 {main}
2014-07-03 14:37:39 Error: [MissingControllerException] Controller class CssController could not be found.
Exception Attributes: array (
  'class' => 'CssController',
  'plugin' => NULL,
)
Request URL: /css/cake.generic.css
Stack Trace:
#0 /var/www/html/4senior/app/webroot/index.php(108): Dispatcher->dispatch(Object(CakeRequest), Object(CakeResponse))
#1 {main}
2014-07-03 14:38:46 Error: [MissingViewException] View file "/var/www/html/4senior/app/View/Login/index.ctp" is missing.
Exception Attributes: array (
  'file' => '/var/www/html/4senior/app/View/Login/index.ctp',
)
Request URL: /
Stack Trace:
#0 /var/www/html/4senior/lib/Cake/View/View.php(468): View->_getViewFileName(NULL)
#1 /var/www/html/4senior/lib/Cake/Controller/Controller.php(954): View->render(NULL, NULL)
#2 /var/www/html/4senior/lib/Cake/Routing/Dispatcher.php(198): Controller->render()
#3 /var/www/html/4senior/lib/Cake/Routing/Dispatcher.php(165): Dispatcher->_invoke(Object(LoginController), Object(CakeRequest))
#4 /var/www/html/4senior/app/webroot/index.php(108): Dispatcher->dispatch(Object(CakeRequest), Object(CakeResponse))
#5 {main}
2014-07-03 17:51:47 Error: [MissingControllerException] Controller class Getting-startedController could not be found.
Exception Attributes: array (
  'class' => 'Getting-startedController',
  'plugin' => NULL,
)
Request URL: /getting-started
Stack Trace:
#0 /var/www/html/4senior/app/webroot/index.php(108): Dispatcher->dispatch(Object(CakeRequest), Object(CakeResponse))
#1 {main}
2014-07-04 11:02:54 Error: Fatal Error (1): Class 'AuthComponent' not found in [/var/www/html/4senior/app/Controller/LoginController.php, line 10]
2014-07-04 11:02:54 Error: [FatalErrorException] Class 'AuthComponent' not found
Request URL: /
Stack Trace:
#0 /var/www/html/4senior/lib/Cake/Error/ErrorHandler.php(204): ErrorHandler::handleFatalError(1, 'Class 'AuthComp...', '/var/www/html/4...', 10)
#1 [internal function]: ErrorHandler::handleError(1, 'Class 'AuthComp...', '/var/www/html/4...', 10, Array)
#2 /var/www/html/4senior/lib/Cake/Core/App.php(929): call_user_func('ErrorHandler::h...', 1, 'Class 'AuthComp...', '/var/www/html/4...', 10, Array)
#3 /var/www/html/4senior/lib/Cake/Core/App.php(902): App::_checkFatalError()
#4 [internal function]: App::shutdown()
#5 {main}
2014-07-04 11:03:51 Error: [MissingControllerException] Controller class HomeController could not be found.
Exception Attributes: array (
  'class' => 'HomeController',
  'plugin' => NULL,
)
Request URL: /home
Stack Trace:
#0 /var/www/html/4senior/app/webroot/index.php(108): Dispatcher->dispatch(Object(CakeRequest), Object(CakeResponse))
#1 {main}
2014-07-04 11:04:05 Error: [MissingControllerException] Controller class HomeController could not be found.
Exception Attributes: array (
  'class' => 'HomeController',
  'plugin' => NULL,
)
Request URL: /home
Stack Trace:
#0 /var/www/html/4senior/app/webroot/index.php(108): Dispatcher->dispatch(Object(CakeRequest), Object(CakeResponse))
#1 {main}
2014-07-04 11:04:11 Error: [MissingTableException] Table usuarios for model Usuario was not found in datasource default.
Exception Attributes: array (
  'table' => 'usuarios',
  'class' => 'Usuario',
  'ds' => 'default',
)
Request URL: /
Stack Trace:
#0 /var/www/html/4senior/lib/Cake/Model/Model.php(3504): Model->setSource('usuarios')
#1 /var/www/html/4senior/lib/Cake/Model/Model.php(1357): Model->getDataSource()
#2 /var/www/html/4senior/lib/Cake/Model/Model.php(1222): Model->schema()
#3 /var/www/html/4senior/lib/Cake/Model/Model.php(1185): Model->_setAliasData(Array)
#4 /var/www/html/4senior/lib/Cake/Model/Model.php(1715): Model->set(Array)
#5 /var/www/html/4senior/app/Controller/LoginController.php(14): Model->save(Array)
#6 [internal function]: LoginController->index()
#7 /var/www/html/4senior/lib/Cake/Controller/Controller.php(490): ReflectionMethod->invokeArgs(Object(LoginController), Array)
#8 /var/www/html/4senior/lib/Cake/Routing/Dispatcher.php(191): Controller->invokeAction(Object(CakeRequest))
#9 /var/www/html/4senior/lib/Cake/Routing/Dispatcher.php(165): Dispatcher->_invoke(Object(LoginController), Object(CakeRequest))
#10 /var/www/html/4senior/app/webroot/index.php(108): Dispatcher->dispatch(Object(CakeRequest), Object(CakeResponse))
#11 {main}
2014-07-04 11:27:17 Error: [MissingControllerException] Controller class UsuarioController could not be found.
Exception Attributes: array (
  'class' => 'UsuarioController',
  'plugin' => NULL,
)
Request URL: /usuario/login
Stack Trace:
#0 /var/www/html/4senior/app/webroot/index.php(108): Dispatcher->dispatch(Object(CakeRequest), Object(CakeResponse))
#1 {main}
2014-07-04 11:32:31 Error: [PDOException] SQLSTATE[42S22]: Column not found: 1054 Unknown column 'Usuario.login' in 'where clause'
Request URL: /usuario/login
Stack Trace:
#0 /var/www/html/4senior/lib/Cake/Model/Datasource/DboSource.php(458): PDOStatement->execute(Array)
#1 /var/www/html/4senior/lib/Cake/Model/Datasource/DboSource.php(424): DboSource->_execute('SELECT `Usuario...', Array)
#2 /var/www/html/4senior/lib/Cake/Model/Datasource/DboSource.php(666): DboSource->execute('SELECT `Usuario...', Array, Array)
#3 /var/www/html/4senior/lib/Cake/Model/Datasource/DboSource.php(1106): DboSource->fetchAll('SELECT `Usuario...', false)
#4 /var/www/html/4senior/lib/Cake/Model/Model.php(2905): DboSource->read(Object(Usuario), Array)
#5 /var/www/html/4senior/lib/Cake/Model/Model.php(2877): Model->_readDataSource('first', Array)
#6 /var/www/html/4senior/lib/Cake/Controller/Component/Auth/BaseAuthenticate.php(112): Model->find('first', Array)
#7 /var/www/html/4senior/lib/Cake/Controller/Component/Auth/FormAuthenticate.php(79): BaseAuthenticate->_findUser('abreuleonel', 'bj020614')
#8 /var/www/html/4senior/lib/Cake/Controller/Component/AuthComponent.php(753): FormAuthenticate->authenticate(Object(CakeRequest), Object(CakeResponse))
#9 /var/www/html/4senior/lib/Cake/Controller/Component/AuthComponent.php(600): AuthComponent->identify(Object(CakeRequest), Object(CakeResponse))
#10 /var/www/html/4senior/app/Controller/UsuarioController.php(12): AuthComponent->login()
#11 [internal function]: UsuarioController->login()
#12 /var/www/html/4senior/lib/Cake/Controller/Controller.php(490): ReflectionMethod->invokeArgs(Object(UsuarioController), Array)
#13 /var/www/html/4senior/lib/Cake/Routing/Dispatcher.php(191): Controller->invokeAction(Object(CakeRequest))
#14 /var/www/html/4senior/lib/Cake/Routing/Dispatcher.php(165): Dispatcher->_invoke(Object(UsuarioController), Object(CakeRequest))
#15 /var/www/html/4senior/app/webroot/index.php(108): Dispatcher->dispatch(Object(CakeRequest), Object(CakeResponse))
#16 {main}
2014-07-04 11:33:09 Error: [MissingControllerException] Controller class HomeController could not be found.
Exception Attributes: array (
  'class' => 'HomeController',
  'plugin' => NULL,
)
Request URL: /home/dash
Stack Trace:
#0 /var/www/html/4senior/app/webroot/index.php(108): Dispatcher->dispatch(Object(CakeRequest), Object(CakeResponse))
#1 {main}
2014-07-04 11:41:22 Error: Fatal Error (1): Allowed memory size of 134217728 bytes exhausted (tried to allocate 62914560 bytes) in [/var/www/html/4senior/lib/Cake/Utility/Debugger.php, line 605]
2014-07-04 11:41:22 Error: [FatalErrorException] Allowed memory size of 134217728 bytes exhausted (tried to allocate 62914560 bytes)
Request URL: /home/dash
Stack Trace:
#0 /var/www/html/4senior/lib/Cake/Error/ErrorHandler.php(204): ErrorHandler::handleFatalError(1, 'Allowed memory ...', '/var/www/html/4...', 605)
#1 [internal function]: ErrorHandler::handleError(1, 'Allowed memory ...', '/var/www/html/4...', 605, Array)
#2 /var/www/html/4senior/lib/Cake/Core/App.php(929): call_user_func('ErrorHandler::h...', 1, 'Allowed memory ...', '/var/www/html/4...', 605, Array)
#3 /var/www/html/4senior/lib/Cake/Core/App.php(902): App::_checkFatalError()
#4 [internal function]: App::shutdown()
#5 {main}
2014-07-04 11:42:39 Error: Fatal Error (64): Cannot use isset() on the result of a function call (you can use "null !== func()" instead) in [/var/www/html/4senior/app/View/Layouts/default.ctp, line 30]
2014-07-04 11:42:39 Error: [FatalErrorException] Cannot use isset() on the result of a function call (you can use "null !== func()" instead)
Request URL: /home/dash
Stack Trace:
#0 /var/www/html/4senior/lib/Cake/Error/ErrorHandler.php(204): ErrorHandler::handleFatalError(64, 'Cannot use isse...', '/var/www/html/4...', 30)
#1 [internal function]: ErrorHandler::handleError(64, 'Cannot use isse...', '/var/www/html/4...', 30, Array)
#2 /var/www/html/4senior/lib/Cake/Core/App.php(929): call_user_func('ErrorHandler::h...', 64, 'Cannot use isse...', '/var/www/html/4...', 30, Array)
#3 /var/www/html/4senior/lib/Cake/Core/App.php(902): App::_checkFatalError()
#4 [internal function]: App::shutdown()
#5 {main}
2014-07-04 12:00:05 Error: [MissingControllerException] Controller class FormularioController could not be found.
Exception Attributes: array (
  'class' => 'FormularioController',
  'plugin' => NULL,
)
Request URL: /formulario
Stack Trace:
#0 /var/www/html/4senior/app/webroot/index.php(108): Dispatcher->dispatch(Object(CakeRequest), Object(CakeResponse))
#1 {main}
2014-07-07 08:42:16 Error: [MissingControllerException] Controller class FormularioController could not be found.
Exception Attributes: array (
  'class' => 'FormularioController',
  'plugin' => NULL,
)
Request URL: /formulario
Stack Trace:
#0 /var/www/html/4senior/app/webroot/index.php(108): Dispatcher->dispatch(Object(CakeRequest), Object(CakeResponse))
#1 {main}
2014-07-07 09:25:15 Error: [MissingActionException] Action FormularioController::form() could not be found.
Exception Attributes: array (
  'controller' => 'FormularioController',
  'action' => 'form',
)
Request URL: /formulario/form/1
Stack Trace:
#0 /var/www/html/4senior/lib/Cake/Routing/Dispatcher.php(191): Controller->invokeAction(Object(CakeRequest))
#1 /var/www/html/4senior/lib/Cake/Routing/Dispatcher.php(165): Dispatcher->_invoke(Object(FormularioController), Object(CakeRequest))
#2 /var/www/html/4senior/app/webroot/index.php(108): Dispatcher->dispatch(Object(CakeRequest), Object(CakeResponse))
#3 {main}
2014-07-07 09:25:19 Error: [MissingActionException] Action FormularioController::form() could not be found.
Exception Attributes: array (
  'controller' => 'FormularioController',
  'action' => 'form',
)
Request URL: /formulario/form/1
Stack Trace:
#0 /var/www/html/4senior/lib/Cake/Routing/Dispatcher.php(191): Controller->invokeAction(Object(CakeRequest))
#1 /var/www/html/4senior/lib/Cake/Routing/Dispatcher.php(165): Dispatcher->_invoke(Object(FormularioController), Object(CakeRequest))
#2 /var/www/html/4senior/app/webroot/index.php(108): Dispatcher->dispatch(Object(CakeRequest), Object(CakeResponse))
#3 {main}
2014-07-07 09:57:47 Error: Fatal Error (1): Call to a member function validates() on a non-object in [/var/www/html/4senior/app/Controller/FormularioController.php, line 22]
2014-07-07 09:57:47 Error: [FatalErrorException] Call to a member function validates() on a non-object
Request URL: /formulario/salva
Stack Trace:
#0 /var/www/html/4senior/lib/Cake/Error/ErrorHandler.php(204): ErrorHandler::handleFatalError(1, 'Call to a membe...', '/var/www/html/4...', 22)
#1 [internal function]: ErrorHandler::handleError(1, 'Call to a membe...', '/var/www/html/4...', 22, Array)
#2 /var/www/html/4senior/lib/Cake/Core/App.php(929): call_user_func('ErrorHandler::h...', 1, 'Call to a membe...', '/var/www/html/4...', 22, Array)
#3 /var/www/html/4senior/lib/Cake/Core/App.php(902): App::_checkFatalError()
#4 [internal function]: App::shutdown()
#5 {main}
2014-07-07 09:58:09 Error: Fatal Error (1): Call to a member function save() on a non-object in [/var/www/html/4senior/app/Controller/FormularioController.php, line 23]
2014-07-07 09:58:09 Error: [FatalErrorException] Call to a member function save() on a non-object
Request URL: /formulario/salva
Stack Trace:
#0 /var/www/html/4senior/lib/Cake/Error/ErrorHandler.php(204): ErrorHandler::handleFatalError(1, 'Call to a membe...', '/var/www/html/4...', 23)
#1 [internal function]: ErrorHandler::handleError(1, 'Call to a membe...', '/var/www/html/4...', 23, Array)
#2 /var/www/html/4senior/lib/Cake/Core/App.php(929): call_user_func('ErrorHandler::h...', 1, 'Call to a membe...', '/var/www/html/4...', 23, Array)
#3 /var/www/html/4senior/lib/Cake/Core/App.php(902): App::_checkFatalError()
#4 [internal function]: App::shutdown()
#5 {main}
2014-07-07 09:58:25 Error: Fatal Error (1): Call to a member function invalidFields() on a non-object in [/var/www/html/4senior/app/Controller/FormularioController.php, line 30]
2014-07-07 09:58:25 Error: [FatalErrorException] Call to a member function invalidFields() on a non-object
Request URL: /formulario/salva
Stack Trace:
#0 /var/www/html/4senior/lib/Cake/Error/ErrorHandler.php(204): ErrorHandler::handleFatalError(1, 'Call to a membe...', '/var/www/html/4...', 30)
#1 [internal function]: ErrorHandler::handleError(1, 'Call to a membe...', '/var/www/html/4...', 30, Array)
#2 /var/www/html/4senior/lib/Cake/Core/App.php(929): call_user_func('ErrorHandler::h...', 1, 'Call to a membe...', '/var/www/html/4...', 30, Array)
#3 /var/www/html/4senior/lib/Cake/Core/App.php(902): App::_checkFatalError()
#4 [internal function]: App::shutdown()
#5 {main}
2014-07-07 11:46:45 Error: [MissingActionException] Action FormularioController::deletar() could not be found.
Exception Attributes: array (
  'controller' => 'FormularioController',
  'action' => 'deletar',
)
Request URL: /formulario/deletar/1
Stack Trace:
#0 /var/www/html/4senior/lib/Cake/Routing/Dispatcher.php(191): Controller->invokeAction(Object(CakeRequest))
#1 /var/www/html/4senior/lib/Cake/Routing/Dispatcher.php(165): Dispatcher->_invoke(Object(FormularioController), Object(CakeRequest))
#2 /var/www/html/4senior/app/webroot/index.php(108): Dispatcher->dispatch(Object(CakeRequest), Object(CakeResponse))
#3 {main}
2014-07-07 13:48:58 Error: [MissingControllerException] Controller class ClientesController could not be found.
Exception Attributes: array (
  'class' => 'ClientesController',
  'plugin' => NULL,
)
Request URL: /clientes/index/sort:Formulario.nome/direction:asc/page:2
Stack Trace:
#0 /var/www/html/4senior/app/webroot/index.php(108): Dispatcher->dispatch(Object(CakeRequest), Object(CakeResponse))
#1 {main}
2014-07-07 14:25:25 Error: [MissingTableException] Table tipo_pergunEEtas for model TipoPergunta was not found in datasource default.
Exception Attributes: array (
  'table' => 'tipo_pergunEEtas',
  'class' => 'TipoPergunta',
  'ds' => 'default',
)
Request URL: /formulario/form/9
Stack Trace:
#0 /var/www/html/4senior/lib/Cake/Model/Model.php(3504): Model->setSource('tipo_pergunEEta...')
#1 /var/www/html/4senior/lib/Cake/Model/Model.php(2905): Model->getDataSource()
#2 /var/www/html/4senior/lib/Cake/Model/Model.php(2877): Model->_readDataSource('all', Array)
#3 /var/www/html/4senior/app/Controller/FormularioController.php(24): Model->find('all')
#4 [internal function]: FormularioController->form('9')
#5 /var/www/html/4senior/lib/Cake/Controller/Controller.php(490): ReflectionMethod->invokeArgs(Object(FormularioController), Array)
#6 /var/www/html/4senior/lib/Cake/Routing/Dispatcher.php(191): Controller->invokeAction(Object(CakeRequest))
#7 /var/www/html/4senior/lib/Cake/Routing/Dispatcher.php(165): Dispatcher->_invoke(Object(FormularioController), Object(CakeRequest))
#8 /var/www/html/4senior/app/webroot/index.php(108): Dispatcher->dispatch(Object(CakeRequest), Object(CakeResponse))
#9 {main}
2014-07-07 16:55:34 Error: [MissingControllerException] Controller class JsController could not be found.
Exception Attributes: array (
  'class' => 'JsController',
  'plugin' => NULL,
)
Request URL: /js/formulario_form.js
Stack Trace:
#0 /var/www/html/4senior/app/webroot/index.php(108): Dispatcher->dispatch(Object(CakeRequest), Object(CakeResponse))
#1 {main}
2014-07-10 18:09:45 Error: Fatal Error (4): syntax error, unexpected ';', expecting ')' in [/var/www/html/4senior/app/Controller/FormularioController.php, line 27]
2014-07-10 18:09:45 Error: [FatalErrorException] syntax error, unexpected ';', expecting ')'
Request URL: /formulario/form/9
Stack Trace:
#0 /var/www/html/4senior/lib/Cake/Error/ErrorHandler.php(204): ErrorHandler::handleFatalError(4, 'syntax error, u...', '/var/www/html/4...', 27)
#1 [internal function]: ErrorHandler::handleError(4, 'syntax error, u...', '/var/www/html/4...', 27, Array)
#2 /var/www/html/4senior/lib/Cake/Core/App.php(929): call_user_func('ErrorHandler::h...', 4, 'syntax error, u...', '/var/www/html/4...', 27, Array)
#3 /var/www/html/4senior/lib/Cake/Core/App.php(902): App::_checkFatalError()
#4 [internal function]: App::shutdown()
#5 {main}
2014-07-11 09:34:37 Error: [PDOException] SQLSTATE[42S22]: Column not found: 1054 Unknown column 'TipoPergunta.tipo_pergunta_id' in 'on clause'
Request URL: /formulario/form/9
Stack Trace:
#0 /var/www/html/4senior/lib/Cake/Model/Datasource/DboSource.php(458): PDOStatement->execute(Array)
#1 /var/www/html/4senior/lib/Cake/Model/Datasource/DboSource.php(424): DboSource->_execute('SELECT `Pergunt...', Array)
#2 /var/www/html/4senior/lib/Cake/Model/Datasource/DboSource.php(666): DboSource->execute('SELECT `Pergunt...', Array, Array)
#3 /var/www/html/4senior/lib/Cake/Model/Datasource/DboSource.php(1106): DboSource->fetchAll('SELECT `Pergunt...', false)
#4 /var/www/html/4senior/lib/Cake/Model/Model.php(2905): DboSource->read(Object(Pergunta), Array)
#5 /var/www/html/4senior/lib/Cake/Model/Model.php(2877): Model->_readDataSource('all', Array)
#6 /var/www/html/4senior/app/Controller/FormularioController.php(31): Model->find('all', Array)
#7 [internal function]: FormularioController->form('9')
#8 /var/www/html/4senior/lib/Cake/Controller/Controller.php(490): ReflectionMethod->invokeArgs(Object(FormularioController), Array)
#9 /var/www/html/4senior/lib/Cake/Routing/Dispatcher.php(191): Controller->invokeAction(Object(CakeRequest))
#10 /var/www/html/4senior/lib/Cake/Routing/Dispatcher.php(165): Dispatcher->_invoke(Object(FormularioController), Object(CakeRequest))
#11 /var/www/html/4senior/app/webroot/index.php(108): Dispatcher->dispatch(Object(CakeRequest), Object(CakeResponse))
#12 {main}
